TN:
SF:src\services\AddToLineService.js
FN:1,addToLineService
FN:2,(anonymous_1)
FN:3,(anonymous_2)
FN:11,(anonymous_3)
FNF:4
FNH:4
FNDA:3,addToLineService
FNDA:1,(anonymous_1)
FNDA:2,(anonymous_2)
FNDA:1,(anonymous_3)
DA:2,3
DA:3,3
DA:5,3
DA:7,2
DA:9,1
DA:11,1
DA:13,1
DA:16,1
LF:8
LH:8
BRDA:5,0,0,1
BRDA:5,0,1,2
BRDA:7,1,0,1
BRDA:7,1,1,1
BRF:4
BRH:4
end_of_record
TN:
SF:src\services\CreateUserServices.js
FN:3,createUserService
FN:7,(anonymous_1)
FNF:2
FNH:2
FNDA:4,createUserService
FNDA:1,(anonymous_1)
DA:1,1
DA:4,4
DA:6,3
DA:7,3
DA:9,3
DA:11,2
DA:18,2
DA:20,2
DA:23,1
LF:9
LH:9
BRDA:4,0,0,1
BRDA:4,0,1,3
BRDA:4,1,0,4
BRDA:4,1,1,4
BRDA:4,1,2,4
BRDA:9,2,0,1
BRDA:9,2,1,2
BRF:7
BRH:7
end_of_record
TN:
SF:src\services\FilterLineService.js
FN:3,filterLineService
FN:5,(anonymous_1)
FNF:2
FNH:2
FNDA:1,filterLineService
FNDA:2,(anonymous_1)
DA:1,1
DA:4,1
DA:5,2
DA:7,1
DA:10,1
LF:5
LH:5
BRF:0
BRH:0
end_of_record
TN:
SF:src\services\FindPositionService.js
FN:1,findPositionService
FN:2,(anonymous_1)
FN:6,(anonymous_2)
FNF:3
FNH:3
FNDA:3,findPositionService
FNDA:3,(anonymous_1)
FNDA:2,(anonymous_2)
DA:2,3
DA:4,3
DA:6,2
DA:8,2
DA:10,1
DA:13,1
LF:6
LH:6
BRDA:4,0,0,1
BRDA:4,0,1,2
BRDA:8,1,0,1
BRDA:8,1,1,1
BRF:4
BRH:4
end_of_record
TN:
SF:src\services\PopLineService.js
FN:1,popLineService
FN:5,(anonymous_1)
FNF:2
FNH:2
FNDA:2,popLineService
FNDA:1,(anonymous_1)
DA:2,2
DA:4,1
DA:5,1
DA:7,1
DA:10,1
LF:5
LH:5
BRDA:2,0,0,1
BRDA:2,0,1,1
BRF:2
BRH:2
end_of_record
TN:
SF:src\services\PopulateLineService.js
FN:1,populateLineService
FN:2,(anonymous_1)
FN:3,(anonymous_2)
FNF:3
FNH:3
FNDA:2,populateLineService
FNDA:3,(anonymous_1)
FNDA:4,(anonymous_2)
DA:2,2
DA:3,4
DA:5,3
DA:13,2
DA:16,2
LF:5
LH:5
BRF:0
BRH:0
end_of_record
